#
# A fatal error has been detected by the Java Runtime Environment:
#
#  EXCEPTION_UNCAUGHT_CXX_EXCEPTION (0xe06d7363) at pc=0x000007fefd1aa06d, pid=4504, tid=4168
#
# JRE version: Java(TM) SE Runtime Environment (8.0_60-b27) (build 1.8.0_60-b27)
# Java VM: Java HotSpot(TM) 64-Bit Server VM (25.60-b23 mixed mode windows-amd64 compressed oops)
# Problematic frame:
# C  [KERNELBASE.dll+0x1a06d]
#
# Failed to write core dump. Minidumps are not enabled by default on client versions of Windows
#
# If you would like to submit a bug report, please visit:
#   http://bugreport.java.com/bugreport/crash.jsp
# The crash happened outside the Java Virtual Machine in native code.
# See problematic frame for where to report the bug.
#

---------------  T H R E A D  ---------------

Current thread (0x0000000058d21000):  JavaThread "JavaFX Application Thread" [_thread_in_native, id=4168, stack(0x0000000059c00000,0x0000000059d00000)]

siginfo: ExceptionCode=0xe06d7363, ExceptionInformation=0x0000000019930520 0x0000000059cfcf40 0x000007fef73cd220 0x000007fef7300000 

Registers:
RAX=0x000000002fa501fe, RBX=0x000007fef73cd220, RCX=0x0000000059cfc7d0, RDX=0x00000000000000d0
RSP=0x0000000059cfcde0, RBP=0x0000000059cfcf10, RSI=0x0000000000010000, RDI=0x0000000059cfcf40
R8 =0x0000000000000000, R9 =0x0000000000000000, R10=0x000007fef7300000, R11=0x0000000059cfce20
R12=0x000000005fb26df0, R13=0x0000000059cfdd01, R14=0x0000000065d3f670, R15=0x0000000065d3f670
RIP=0x000007fefd1aa06d, EFLAGS=0x0000000000000202

Top of Stack: (sp=0x0000000059cfcde0)
0x0000000059cfcde0:   000007fef73cd220 0000000000010000
0x0000000059cfcdf0:   0000000059cfcf40 0000000000010010
0x0000000059cfce00:   00000001e06d7363 0000000000000000
0x0000000059cfce10:   000007fefd1aa06d 000007fe00000004
0x0000000059cfce20:   0000000019930520 0000000059cfcf40
0x0000000059cfce30:   000007fef73cd220 000007fef7300000
0x0000000059cfce40:   0000000000000000 0000000059cfcec8
0x0000000059cfce50:   00000001191201bb 0000000000439190
0x0000000059cfce60:   000000000047ab30 0000000000000000
0x0000000059cfce70:   0000000058e0a578 000000005b73d328
0x0000000059cfce80:   0000000065d3f670 0000000059cfdd01
0x0000000059cfce90:   000000005fb26df0 0000000059cfcf40
0x0000000059cfcea0:   0000000000010000 000007fef735ef63
0x0000000059cfceb0:   000007fef73cd220 0000000059cfcf20
0x0000000059cfcec0:   0000000000000001 000007fef73000f8
0x0000000059cfced0:   00000001e06d7363 0000000000000000 

Instructions: (pc=0x000007fefd1aa06d)
0x000007fefd1aa04d:   54 24 24 48 89 4c 24 28 4d 85 c9 0f 85 6a 03 00
0x000007fefd1aa05d:   00 89 4c 24 38 48 8d 4c 24 20 ff 15 33 02 03 00
0x000007fefd1aa06d:   48 81 c4 c8 00 00 00 c3 90 90 90 90 90 90 90 90
0x000007fefd1aa07d:   90 90 90 48 83 ec 28 65 48 8b 04 25 30 00 00 00 


Register to memory mapping:

RAX=0x000000002fa501fe is an unknown value
RBX=0x000007fef73cd220 is an unknown value
RCX=0x0000000059cfc7d0 is pointing into the stack for thread: 0x0000000058d21000
RDX=0x00000000000000d0 is an unknown value
RSP=0x0000000059cfcde0 is pointing into the stack for thread: 0x0000000058d21000
RBP=0x0000000059cfcf10 is pointing into the stack for thread: 0x0000000058d21000
RSI=0x0000000000010000 is an unknown value
RDI=0x0000000059cfcf40 is pointing into the stack for thread: 0x0000000058d21000
R8 =0x0000000000000000 is an unknown value
R9 =0x0000000000000000 is an unknown value
R10=0x000007fef7300000 is an unknown value
R11=0x0000000059cfce20 is pointing into the stack for thread: 0x0000000058d21000
R12=0x000000005fb26df0 is an unknown value
R13=0x0000000059cfdd01 is pointing into the stack for thread: 0x0000000058d21000
R14=0x0000000065d3f670 is an unknown value
R15=0x0000000065d3f670 is an unknown value


Stack: [0x0000000059c00000,0x0000000059d00000],  sp=0x0000000059cfcde0,  free space=1011k
Native frames: (J=compiled Java code, j=interpreted, Vv=VM code, C=native code)
C  [KERNELBASE.dll+0x1a06d]

Java frames: (J=compiled Java code, j=interpreted, Vv=VM code)
J 5896  com.sun.webkit.WebPage.twkPrePaint(J)V (0 bytes) @ 0x00000000034c483b [0x00000000034c4800+0x3b]
J 5432 C1 com.sun.webkit.WebPage.updateDirty(Lcom/sun/webkit/graphics/WCRectangle;)V (612 bytes) @ 0x00000000033a23e4 [0x00000000033a15a0+0xe44]
J 5431 C1 com.sun.webkit.WebPage.updateContent(Lcom/sun/webkit/graphics/WCRectangle;)V (66 bytes) @ 0x00000000033aa9e4 [0x00000000033aa1c0+0x824]
J 5455 C1 com.sun.javafx.sg.prism.web.NGWebView.update()V (72 bytes) @ 0x00000000033c7d74 [0x00000000033c74a0+0x8d4]
J 3287 C1 javafx.scene.web.WebView.handleStagePulse()V (113 bytes) @ 0x0000000002d7442c [0x0000000002d721e0+0x224c]
J 3285 C1 javafx.scene.web.WebView$$Lambda$90.pulse()V (8 bytes) @ 0x00000000028a1b4c [0x00000000028a1a80+0xcc]
J 3320 C2 com.sun.javafx.tk.Toolkit$$Lambda$301.run()Ljava/lang/Object; (8 bytes) @ 0x00000000028ec034 [0x00000000028ec000+0x34]
v  ~StubRoutines::call_stub
J 1826  java.security.AccessController.doPrivileged(Ljava/security/PrivilegedAction;Ljava/security/AccessControlContext;)Ljava/lang/Object; (0 bytes) @ 0x0000000002a89e66 [0x0000000002a89e00+0x66]
J 5453 C2 com.sun.javafx.tk.Toolkit.firePulse()V (279 bytes) @ 0x00000000033c996c [0x00000000033c8ec0+0xaac]
J 5903 C2 com.sun.javafx.tk.quantum.QuantumToolkit$$Lambda$42.run()V (8 bytes) @ 0x0000000002d018cc [0x0000000002d01580+0x34c]
J 5256 C2 com.sun.glass.ui.InvokeLaterDispatcher$Future.run()V (91 bytes) @ 0x00000000032f2db8 [0x00000000032f2d80+0x38]
v  ~StubRoutines::call_stub
j  com.sun.glass.ui.win.WinApplication._runLoop(Ljava/lang/Runnable;)V+0
j  com.sun.glass.ui.win.WinApplication.lambda$null$149(ILjava/lang/Runnable;)V+8
j  com.sun.glass.ui.win.WinApplication$$Lambda$38.run()V+12
j  java.lang.Thread.run()V+11
v  ~StubRoutines::call_stub

---------------  P R O C E S S  ---------------

Java Threads: ( => current thread )
  0x000000005eafb000 JavaThread "URL-Loader-60" daemon [_thread_blocked, id=5676, stack(0x0000000070080000,0x0000000070180000)]
  0x000000005eafc800 JavaThread "URL-Loader-59" daemon [_thread_blocked, id=3304, stack(0x000000006ff30000,0x0000000070030000)]
  0x000000006227c000 JavaThread "URL-Loader-58" daemon [_thread_blocked, id=4348, stack(0x0000000069090000,0x0000000069190000)]
  0x000000006227e000 JavaThread "URL-Loader-57" daemon [_thread_blocked, id=5736, stack(0x000000006f8e0000,0x000000006f9e0000)]
  0x000000006227a800 JavaThread "URL-Loader-56" daemon [_thread_blocked, id=5424, stack(0x00000000698f0000,0x00000000699f0000)]
  0x0000000062279000 JavaThread "URL-Loader-55" daemon [_thread_blocked, id=2792, stack(0x000000006f7e0000,0x000000006f8e0000)]
  0x000000005eabf800 JavaThread "URL-Loader-54" daemon [_thread_blocked, id=4224, stack(0x0000000069b90000,0x0000000069c90000)]
  0x000000005eabe800 JavaThread "URL-Loader-53" daemon [_thread_blocked, id=5472, stack(0x000000006ee80000,0x000000006ef80000)]
  0x000000005eabb800 JavaThread "URL-Loader-52" daemon [_thread_blocked, id=4340, stack(0x000000006f3c0000,0x000000006f4c0000)]
  0x000000005eac1000 JavaThread "URL-Loader-51" daemon [_thread_blocked, id=3548, stack(0x0000000069c90000,0x0000000069d90000)]
  0x000000005eabd000 JavaThread "Keep-Alive-Timer" daemon [_thread_blocked, id=5640, stack(0x0000000069300000,0x0000000069400000)]
  0x000000005eabc800 JavaThread "URL-Loader-50" daemon [_thread_blocked, id=5684, stack(0x00000000673b0000,0x00000000674b0000)]
  0x000000005eaba000 JavaThread "URL-Loader-49" daemon [_thread_blocked, id=3588, stack(0x0000000067b20000,0x0000000067c20000)]
  0x000000005eabe000 JavaThread "URL-Loader-48" daemon [_thread_blocked, id=4320, stack(0x0000000066fb0000,0x00000000670b0000)]
  0x000000005eabb000 JavaThread "Watchdog-Timer-1" daemon [_thread_blocked, id=3552, stack(0x00000000655b0000,0x00000000656b0000)]
  0x000000005e53e000 JavaThread "Prism Font Disposer" daemon [_thread_blocked, id=6136, stack(0x000000005f310000,0x000000005f410000)]
  0x0000000058d43800 JavaThread "Disposer" daemon [_thread_blocked, id=464, stack(0x000000005e0d0000,0x000000005e1d0000)]
  0x0000000058de4000 JavaThread "Thread-3" daemon [_thread_in_native, id=3924, stack(0x000000005af00000,0x000000005b000000)]
  0x0000000058ed0800 JavaThread "JavaFX-Launcher" [_thread_blocked, id=4856, stack(0x000000005b200000,0x000000005b300000)]
=>0x0000000058d21000 JavaThread "JavaFX Application Thread" [_thread_in_native, id=4168, stack(0x0000000059c00000,0x0000000059d00000)]
  0x0000000058fcd000 JavaThread "Thread-1" daemon [_thread_blocked, id=2480, stack(0x00000000599d0000,0x0000000059ad0000)]
  0x0000000058d68000 JavaThread "QuantumRenderer-0" daemon [_thread_blocked, id=4620, stack(0x0000000059790000,0x0000000059890000)]
  0x0000000058d0d000 JavaThread "Service Thread" daemon [_thread_blocked, id=3828, stack(0x00000000593a0000,0x00000000594a0000)]
  0x0000000058cd2000 JavaThread "C1 CompilerThread2" daemon [_thread_blocked, id=3104, stack(0x00000000590d0000,0x00000000591d0000)]
  0x0000000058cd0800 JavaThread "C2 CompilerThread1" daemon [_thread_blocked, id=5632, stack(0x00000000591d0000,0x00000000592d0000)]
  0x000000005726c000 JavaThread "C2 CompilerThread0" daemon [_thread_blocked, id=3140, stack(0x0000000058bd0000,0x0000000058cd0000)]
  0x0000000057264000 JavaThread "Attach Listener" daemon [_thread_blocked, id=1396, stack(0x00000000589a0000,0x0000000058aa0000)]
  0x0000000057263000 JavaThread "Signal Dispatcher" daemon [_thread_blocked, id=4656, stack(0x0000000058770000,0x0000000058870000)]
  0x0000000057207000 JavaThread "Finalizer" daemon [_thread_blocked, id=5604, stack(0x00000000585f0000,0x00000000586f0000)]
  0x0000000057200000 JavaThread "Reference Handler" daemon [_thread_blocked, id=5520, stack(0x0000000058300000,0x0000000058400000)]
  0x0000000001dde000 JavaThread "main" [_thread_blocked, id=5500, stack(0x0000000002120000,0x0000000002220000)]

Other Threads:
  0x00000000571fa800 VMThread [stack: 0x0000000058190000,0x0000000058290000] [id=5576]
  0x0000000058d3f000 WatcherThread [stack: 0x0000000059560000,0x0000000059660000] [id=1248]

VM state:not at safepoint (normal execution)

VM Mutex/Monitor currently owned by a thread: None

Heap:
 PSYoungGen      total 45568K, used 41764K [0x00000000d5700000, 0x00000000daa80000, 0x0000000100000000)
  eden space 21504K, 93% used [0x00000000d5700000,0x00000000d6aa9150,0x00000000d6c00000)
  from space 24064K, 89% used [0x00000000d6c00000,0x00000000d8120000,0x00000000d8380000)
  to   space 26112K, 0% used [0x00000000d9100000,0x00000000d9100000,0x00000000daa80000)
 ParOldGen       total 89600K, used 46338K [0x0000000080400000, 0x0000000085b80000, 0x00000000d5700000)
  object space 89600K, 51% used [0x0000000080400000,0x0000000083140b20,0x0000000085b80000)
 Metaspace       used 25445K, capacity 26870K, committed 27008K, reserved 1073152K
  class space    used 3379K, capacity 3665K, committed 3712K, reserved 1048576K

Card table byte_map: [0x00000000118b0000,0x0000000011cb0000] byte_map_base: 0x00000000114ae000

Marking Bits: (ParMarkBitMap*) 0x0000000063c7a5b0
 Begin Bits: [0x0000000012490000, 0x0000000014480000)
 End Bits:   [0x0000000014480000, 0x0000000016470000)

Polling page: 0x0000000000100000

CodeCache: size=245760Kb used=16582Kb max_used=16596Kb free=229177Kb
 bounds [0x00000000024f0000, 0x0000000003540000, 0x00000000114f0000]
 total_blobs=5914 nmethods=5118 adapters=706
 compilation: enabled

Compilation events (10 events):
Event: 173.467 Thread 0x0000000058cd0800 5991       4       com.sun.javafx.webkit.prism.PrismGraphicsManager::createRTImage (13 bytes)
Event: 173.468 Thread 0x000000005726c000 5992       4       com.sun.javafx.webkit.prism.PrismGraphicsManager::createBufferedContextRQ (45 bytes)
Event: 173.468 Thread 0x0000000058cd0800 nmethod 5991 0x00000000035317d0 code [0x0000000003531920, 0x0000000003531a38]
Event: 173.468 Thread 0x0000000058cd0800 5993       4       com.sun.webkit.graphics.WCRenderQueue::<init> (47 bytes)
Event: 173.474 Thread 0x0000000058cd0800 nmethod 5993 0x000000000352e850 code [0x000000000352e9e0, 0x000000000352edf8]
Event: 173.477 Thread 0x0000000058cd0800 5994       4       com.sun.javafx.webkit.prism.WCGraphicsPrismContext::<init> (38 bytes)
Event: 173.481 Thread 0x0000000058cd0800 nmethod 5994 0x000000000352e210 code [0x000000000352e380, 0x000000000352e698]
Event: 173.491 Thread 0x000000005726c000 nmethod 5992 0x000000000353bf90 code [0x000000000353c1e0, 0x000000000353d3d8]
Event: 174.377 Thread 0x0000000058cd2000 5995       3       java.util.zip.Inflater::finalize (5 bytes)
Event: 174.378 Thread 0x0000000058cd2000 nmethod 5995 0x0000000003531410 code [0x0000000003531580, 0x0000000003531728]

GC Heap History (10 events):
Event: 146.019 GC heap before
{Heap before GC invocations=9 (full 1):
 PSYoungGen      total 44544K, used 43661K [0x00000000d5700000, 0x00000000d9400000, 0x0000000100000000)
  eden space 29696K, 100% used [0x00000000d5700000,0x00000000d7400000,0x00000000d7400000)
  from space 14848K, 94% used [0x00000000d7480000,0x00000000d8223790,0x00000000d8300000)
  to   space 16384K, 0% used [0x00000000d8400000,0x00000000d8400000,0x00000000d9400000)
 ParOldGen       total 49664K, used 21099K [0x0000000080400000, 0x0000000083480000, 0x00000000d5700000)
  object space 49664K, 42% used [0x0000000080400000,0x000000008189ace8,0x0000000083480000)
 Metaspace       used 25190K, capacity 26572K, committed 26752K, reserved 1073152K
  class space    used 3362K, capacity 3658K, committed 3712K, reserved 1048576K
Event: 146.033 GC heap after
Heap after GC invocations=9 (full 1):
 PSYoungGen      total 45568K, used 12955K [0x00000000d5700000, 0x00000000d9480000, 0x0000000100000000)
  eden space 29184K, 0% used [0x00000000d5700000,0x00000000d5700000,0x00000000d7380000)
  from space 16384K, 79% used [0x00000000d8400000,0x00000000d90a6c70,0x00000000d9400000)
  to   space 16896K, 0% used [0x00000000d7380000,0x00000000d7380000,0x00000000d8400000)
 ParOldGen       total 49664K, used 24546K [0x0000000080400000, 0x0000000083480000, 0x00000000d5700000)
  object space 49664K, 49% used [0x0000000080400000,0x0000000081bf8b28,0x0000000083480000)
 Metaspace       used 25190K, capacity 26572K, committed 26752K, reserved 1073152K
  class space    used 3362K, capacity 3658K, committed 3712K, reserved 1048576K
}
Event: 171.371 GC heap before
{Heap before GC invocations=10 (full 1):
 PSYoungGen      total 45568K, used 42139K [0x00000000d5700000, 0x00000000d9480000, 0x0000000100000000)
  eden space 29184K, 100% used [0x00000000d5700000,0x00000000d7380000,0x00000000d7380000)
  from space 16384K, 79% used [0x00000000d8400000,0x00000000d90a6c70,0x00000000d9400000)
  to   space 16896K, 0% used [0x00000000d7380000,0x00000000d7380000,0x00000000d8400000)
 ParOldGen       total 49664K, used 24546K [0x0000000080400000, 0x0000000083480000, 0x00000000d5700000)
  object space 49664K, 49% used [0x0000000080400000,0x0000000081bf8b28,0x0000000083480000)
 Metaspace       used 25422K, capacity 26870K, committed 27008K, reserved 1073152K
  class space    used 3379K, capacity 3665K, committed 3712K, reserved 1048576K
Event: 171.377 GC heap after
Heap after GC invocations=10 (full 1):
 PSYoungGen      total 36864K, used 7770K [0x00000000d5700000, 0x00000000d9400000, 0x0000000100000000)
  eden space 28672K, 0% used [0x00000000d5700000,0x00000000d5700000,0x00000000d7300000)
  from space 8192K, 94% used [0x00000000d7380000,0x00000000d7b168d0,0x00000000d7b80000)
  to   space 16896K, 0% used [0x00000000d8380000,0x00000000d8380000,0x00000000d9400000)
 ParOldGen       total 49664K, used 28008K [0x0000000080400000, 0x0000000083480000, 0x00000000d5700000)
  object space 49664K, 56% used [0x0000000080400000,0x0000000081f5a098,0x0000000083480000)
 Metaspace       used 25422K, capacity 26870K, committed 27008K, reserved 1073152K
  class space    used 3379K, capacity 3665K, committed 3712K, reserved 1048576K
}
Event: 174.217 GC heap before
{Heap before GC invocations=11 (full 1):
 PSYoungGen      total 36864K, used 36442K [0x00000000d5700000, 0x00000000d9400000, 0x0000000100000000)
  eden space 28672K, 100% used [0x00000000d5700000,0x00000000d7300000,0x00000000d7300000)
  from space 8192K, 94% used [0x00000000d7380000,0x00000000d7b168d0,0x00000000d7b80000)
  to   space 16896K, 0% used [0x00000000d8380000,0x00000000d8380000,0x00000000d9400000)
 ParOldGen       total 49664K, used 28008K [0x0000000080400000, 0x0000000083480000, 0x00000000d5700000)
  object space 49664K, 56% used [0x0000000080400000,0x0000000081f5a098,0x0000000083480000)
 Metaspace       used 25445K, capacity 26870K, committed 27008K, reserved 1073152K
  class space    used 3379K, capacity 3665K, committed 3712K, reserved 1048576K
Event: 174.243 GC heap after
Heap after GC invocations=11 (full 1):
 PSYoungGen      total 38400K, used 16874K [0x00000000d5700000, 0x00000000da180000, 0x0000000100000000)
  eden space 21504K, 0% used [0x00000000d5700000,0x00000000d5700000,0x00000000d6c00000)
  from space 16896K, 99% used [0x00000000d8380000,0x00000000d93faa60,0x00000000d9400000)
  to   space 24064K, 0% used [0x00000000d6c00000,0x00000000d6c00000,0x00000000d8380000)
 ParOldGen       total 49664K, used 42049K [0x0000000080400000, 0x0000000083480000, 0x00000000d5700000)
  object space 49664K, 84% used [0x0000000080400000,0x0000000082d105a0,0x0000000083480000)
 Metaspace       used 25445K, capacity 26870K, committed 27008K, reserved 1073152K
  class space    used 3379K, capacity 3665K, committed 3712K, reserved 1048576K
}
Event: 174.243 GC heap before
{Heap before GC invocations=12 (full 2):
 PSYoungGen      total 38400K, used 16874K [0x00000000d5700000, 0x00000000da180000, 0x0000000100000000)
  eden space 21504K, 0% used [0x00000000d5700000,0x00000000d5700000,0x00000000d6c00000)
  from space 16896K, 99% used [0x00000000d8380000,0x00000000d93faa60,0x00000000d9400000)
  to   space 24064K, 0% used [0x00000000d6c00000,0x00000000d6c00000,0x00000000d8380000)
 ParOldGen       total 49664K, used 42049K [0x0000000080400000, 0x0000000083480000, 0x00000000d5700000)
  object space 49664K, 84% used [0x0000000080400000,0x0000000082d105a0,0x0000000083480000)
 Metaspace       used 25445K, capacity 26870K, committed 27008K, reserved 1073152K
  class space    used 3379K, capacity 3665K, committed 3712K, reserved 1048576K
Event: 174.377 GC heap after
Heap after GC invocations=12 (full 2):
 PSYoungGen      total 38400K, used 0K [0x00000000d5700000, 0x00000000da180000, 0x0000000100000000)
  eden space 21504K, 0% used [0x00000000d5700000,0x00000000d5700000,0x00000000d6c00000)
  from space 16896K, 0% used [0x00000000d8380000,0x00000000d8380000,0x00000000d9400000)
  to   space 24064K, 0% used [0x00000000d6c00000,0x00000000d6c00000,0x00000000d8380000)
 ParOldGen       total 89600K, used 46338K [0x0000000080400000, 0x0000000085b80000, 0x00000000d5700000)
  object space 89600K, 51% used [0x0000000080400000,0x0000000083140b20,0x0000000085b80000)
 Metaspace       used 25445K, capacity 26870K, committed 27008K, reserved 1073152K
  class space    used 3379K, capacity 3665K, committed 3712K, reserved 1048576K
}
Event: 175.261 GC heap before
{Heap before GC invocations=13 (full 2):
 PSYoungGen      total 38400K, used 21504K [0x00000000d5700000, 0x00000000da180000, 0x0000000100000000)
  eden space 21504K, 100% used [0x00000000d5700000,0x00000000d6c00000,0x00000000d6c00000)
  from space 16896K, 0% used [0x00000000d8380000,0x00000000d8380000,0x00000000d9400000)
  to   space 24064K, 0% used [0x00000000d6c00000,0x00000000d6c00000,0x00000000d8380000)
 ParOldGen       total 89600K, used 46338K [0x0000000080400000, 0x0000000085b80000, 0x00000000d5700000)
  object space 89600K, 51% used [0x0000000080400000,0x0000000083140b20,0x0000000085b80000)
 Metaspace       used 25445K, capacity 26870K, committed 27008K, reserved 1073152K
  class space    used 3379K, capacity 3665K, committed 3712K, reserved 1048576K
Event: 175.289 GC heap after
Heap after GC invocations=13 (full 2):
 PSYoungGen      total 45568K, used 21632K [0x00000000d5700000, 0x00000000daa80000, 0x0000000100000000)
  eden space 21504K, 0% used [0x00000000d5700000,0x00000000d5700000,0x00000000d6c00000)
  from space 24064K, 89% used [0x00000000d6c00000,0x00000000d8120000,0x00000000d8380000)
  to   space 26112K, 0% used [0x00000000d9100000,0x00000000d9100000,0x00000000daa80000)
 ParOldGen       total 89600K, used 46338K [0x0000000080400000, 0x0000000085b80000, 0x00000000d5700000)
  object space 89600K, 51% used [0x0000000080400000,0x0000000083140b20,0x0000000085b80000)
 Metaspace       used 25445K, capacity 26870K, committed 27008K, reserved 1073152K
  class space    used 3379K, capacity 3665K, committed 3712K, reserved 1048576K
}

Deoptimization events (10 events):
Event: 169.713 Thread 0x0000000058d21000 Uncommon trap: reason=class_check action=maybe_recompile pc=0x0000000003483544 method=javafx.scene.CssStyleHelper.transitionToState(Ljavafx/scene/Node;)V @ 135
Event: 169.714 Thread 0x0000000058d21000 Uncommon trap: reason=class_check action=maybe_recompile pc=0x0000000003483544 method=javafx.scene.CssStyleHelper.transitionToState(Ljavafx/scene/Node;)V @ 135
Event: 169.720 Thread 0x0000000058d21000 Uncommon trap: reason=unstable_if action=reinterpret pc=0x0000000002a586bc method=jdk.internal.org.objectweb.asm.Item.isEqualTo(Ljdk/internal/org/objectweb/asm/Item;)Z @ 331
Event: 169.722 Thread 0x0000000058d68000 Uncommon trap: reason=class_check action=maybe_recompile pc=0x00000000030df9dc method=com.sun.javafx.font.CompositeStrike.getStrikeSlot(I)Lcom/sun/javafx/font/FontStrike; @ 16
Event: 169.722 Thread 0x0000000058d68000 Uncommon trap: reason=null_check action=make_not_entrant pc=0x0000000002a69ae8 method=com.sun.prism.impl.GlyphCache.getCachedGlyph(II)Lcom/sun/prism/impl/GlyphCache$GlyphData; @ 28
Event: 171.301 Thread 0x0000000058d21000 Uncommon trap: reason=unstable_if action=reinterpret pc=0x0000000003481bb4 method=javafx.scene.CssStyleHelper.transitionToState(Ljavafx/scene/Node;)V @ 331
Event: 171.304 Thread 0x0000000058d21000 Uncommon trap: reason=unstable_if action=reinterpret pc=0x00000000030c59ec method=javafx.scene.Node.updateBounds()V @ 37
Event: 171.309 Thread 0x0000000058d21000 Uncommon trap: reason=unstable_if action=reinterpret pc=0x0000000003253ac4 method=com.sun.webkit.WebPage.addDirtyRect(Lcom/sun/webkit/graphics/WCRectangle;)V @ 6
Event: 171.317 Thread 0x0000000058d21000 Uncommon trap: reason=unstable_if action=reinterpret pc=0x00000000033607f0 method=com.sun.javafx.geom.Path2D.needRoom(ZI)V @ 46
Event: 171.335 Thread 0x0000000058d21000 Uncommon trap: reason=unstable_if action=reinterpret pc=0x0000000002ffa9e4 method=javafx.scene.Node.updateBounds()V @ 37

Internal exceptions (10 events):
Event: 139.952 Thread 0x0000000058d68000 Exception <a 'java/lang/NullPointerException'> (0x00000000d604ff50) thrown at [C:\re\workspace\8-2-build-windows-amd64-cygwin\jdk8u60\4407\hotspot\src\share\vm\runtime\sharedRuntime.cpp, line 605]
Event: 139.952 Thread 0x0000000058d68000 Implicit null exception at 0x0000000002cfa65e to 0x0000000002cfa69a
Event: 139.952 Thread 0x0000000058d68000 Exception <a 'java/lang/NullPointerException'> (0x00000000d6050510) thrown at [C:\re\workspace\8-2-build-windows-amd64-cygwin\jdk8u60\4407\hotspot\src\share\vm\runtime\sharedRuntime.cpp, line 605]
Event: 139.952 Thread 0x0000000058d68000 Implicit null exception at 0x0000000002cfa65e to 0x0000000002cfa69a
Event: 139.952 Thread 0x0000000058d68000 Exception <a 'java/lang/NullPointerException'> (0x00000000d6050ad0) thrown at [C:\re\workspace\8-2-build-windows-amd64-cygwin\jdk8u60\4407\hotspot\src\share\vm\runtime\sharedRuntime.cpp, line 605]
Event: 139.952 Thread 0x0000000058d68000 Implicit null exception at 0x0000000002cfa65e to 0x0000000002cfa69a
Event: 139.952 Thread 0x0000000058d68000 Exception <a 'java/lang/NullPointerException'> (0x00000000d6051090) thrown at [C:\re\workspace\8-2-build-windows-amd64-cygwin\jdk8u60\4407\hotspot\src\share\vm\runtime\sharedRuntime.cpp, line 605]
Event: 139.952 Thread 0x0000000058d68000 Implicit null exception at 0x0000000002cfa65e to 0x0000000002cfa69a
Event: 139.952 Thread 0x0000000058d68000 Exception <a 'java/lang/NullPointerException'> (0x00000000d6051650) thrown at [C:\re\workspace\8-2-build-windows-amd64-cygwin\jdk8u60\4407\hotspot\src\share\vm\runtime\sharedRuntime.cpp, line 605]
Event: 169.722 Thread 0x0000000058d68000 Implicit null exception at 0x0000000002a6934e to 0x0000000002a69ac1

Events (10 events):
Event: 172.682 Thread 0x000000006227d800 Thread exited: 0x000000006227d800
Event: 172.691 Thread 0x000000005eafb800 Thread exited: 0x000000005eafb800
Event: 172.696 Thread 0x000000005eafd000 Thread exited: 0x000000005eafd000
Event: 172.859 Thread 0x000000006227c800 Thread exited: 0x000000006227c800
Event: 174.217 Executing VM operation: ParallelGCFailedAllocation
Event: 174.377 Executing VM operation: ParallelGCFailedAllocation done
Event: 175.261 Executing VM operation: ParallelGCFailedAllocation
Event: 175.289 Executing VM operation: ParallelGCFailedAllocation done
Event: 176.487 Executing VM operation: RevokeBias
Event: 176.487 Executing VM operation: RevokeBias done


Dynamic libraries:
0x000000013ff20000 - 0x000000013ff57000 	C:\Program Files\Java\jdk1.8.0_60\jre\bin\javaw.exe
0x0000000077110000 - 0x00000000772ba000 	C:\Windows\SYSTEM32\ntdll.dll
0x0000000076ef0000 - 0x000000007700f000 	C:\Windows\system32\kernel32.dll
0x000007fefd190000 - 0x000007fefd1fa000 	C:\Windows\system32\KERNELBASE.dll
0x000007fefd330000 - 0x000007fefd40b000 	C:\Windows\system32\ADVAPI32.dll
0x000007fefe860000 - 0x000007fefe8ff000 	C:\Windows\system32\msvcrt.dll
0x000007fefe970000 - 0x000007fefe98f000 	C:\Windows\SYSTEM32\sechost.dll
0x000007fefec30000 - 0x000007fefed5d000 	C:\Windows\system32\RPCRT4.dll
0x0000000077010000 - 0x000000007710a000 	C:\Windows\system32\USER32.dll
0x000007fefe900000 - 0x000007fefe967000 	C:\Windows\system32\GDI32.dll
0x000007feff210000 - 0x000007feff21e000 	C:\Windows\system32\LPK.dll
0x000007fefe490000 - 0x000007fefe559000 	C:\Windows\system32\USP10.dll
0x000007fefb370000 - 0x000007fefb564000 	C:\Windows\WinSxS\amd64_microsoft.windows.common-controls_6595b64144ccf1df_6.0.7601.18837_none_fa3b1e3d17594757\COMCTL32.dll
0x000007feff350000 - 0x000007feff3c1000 	C:\Windows\system32\SHLWAPI.dll
0x000007fefd280000 - 0x000007fefd2ae000 	C:\Windows\system32\IMM32.DLL
0x000007fefe990000 - 0x000007fefea99000 	C:\Windows\system32\MSCTF.dll
0x000000006d480000 - 0x000000006d552000 	C:\Program Files\Java\jdk1.8.0_60\jre\bin\msvcr100.dll
0x0000000063470000 - 0x0000000063cf9000 	C:\Program Files\Java\jdk1.8.0_60\jre\bin\server\jvm.dll
0x000007feec9d0000 - 0x000007feec9d9000 	C:\Windows\system32\WSOCK32.dll
0x000007feff3d0000 - 0x000007feff41d000 	C:\Windows\system32\WS2_32.dll
0x000007feff220000 - 0x000007feff228000 	C:\Windows\system32\NSI.dll
0x000007fefab80000 - 0x000007fefabbb000 	C:\Windows\system32\WINMM.dll
0x000007fefbf90000 - 0x000007fefbf9c000 	C:\Windows\system32\VERSION.dll
0x00000000772d0000 - 0x00000000772d7000 	C:\Windows\system32\PSAPI.DLL
0x000000006fce0000 - 0x000000006fcef000 	C:\Program Files\Java\jdk1.8.0_60\jre\bin\verify.dll
0x000000006fc40000 - 0x000000006fc69000 	C:\Program Files\Java\jdk1.8.0_60\jre\bin\java.dll
0x000000006fbf0000 - 0x000000006fc06000 	C:\Program Files\Java\jdk1.8.0_60\jre\bin\zip.dll
0x000007fefd620000 - 0x000007fefe3a9000 	C:\Windows\system32\SHELL32.dll
0x000007fefd410000 - 0x000007fefd613000 	C:\Windows\system32\ole32.dll
0x000007fefcec0000 - 0x000007fefcecf000 	C:\Windows\system32\profapi.dll
0x000007fef7300000 - 0x000007fef73ef000 	C:\Program Files\Java\jdk1.8.0_60\jre\bin\msvcr120.dll
0x000007fef8ac0000 - 0x000007fef8b66000 	C:\Program Files\Java\jdk1.8.0_60\jre\bin\msvcp120.dll
0x000000006fbc0000 - 0x000000006fbe3000 	C:\Program Files\Java\jdk1.8.0_60\jre\bin\prism_d3d.dll
0x000007fef3bf0000 - 0x000007fef3def000 	C:\Windows\system32\d3d9.dll
0x000007fefbb30000 - 0x000007fefbb37000 	C:\Windows\system32\d3d8thk.dll
0x000007fefa970000 - 0x000007fefa988000 	C:\Windows\system32\dwmapi.dll
0x000007fefaf30000 - 0x000007fefaf86000 	C:\Windows\system32\uxtheme.dll
0x000007fee9930000 - 0x000007feea9a5000 	C:\Windows\system32\nvd3dumx.dll
0x000000006fb60000 - 0x000000006fba3000 	C:\Program Files\Java\jdk1.8.0_60\jre\bin\glass.dll
0x000007fefe560000 - 0x000007fefe5f7000 	C:\Windows\system32\COMDLG32.dll
0x000007fefe3b0000 - 0x000007fefe487000 	C:\Windows\system32\OLEAUT32.dll
0x000007fefcd20000 - 0x000007fefcd2f000 	C:\Windows\system32\CRYPTBASE.dll
0x000007fefbce0000 - 0x000007fefbd0c000 	C:\Windows\system32\powrprof.dll
0x000007feff030000 - 0x000007feff207000 	C:\Windows\system32\SETUPAPI.dll
0x000007fefcee0000 - 0x000007fefcf16000 	C:\Windows\system32\CFGMGR32.dll
0x000007fefd260000 - 0x000007fefd27a000 	C:\Windows\system32\DEVOBJ.dll
0x000007fef3a30000 - 0x000007fef3be7000 	C:\Windows\system32\nvspcap64.dll
0x000007fef82c0000 - 0x000007fef8331000 	C:\Windows\system32\WINHTTP.dll
0x000007fef8250000 - 0x000007fef82b4000 	C:\Windows\system32\webio.dll
0x000007fef9310000 - 0x000007fef96e0000 	C:\Windows\system32\nvapi64.dll
0x000007fefcc90000 - 0x000007fefccb5000 	C:\Windows\system32\SspiCli.dll
0x000000005b300000 - 0x000000005d88d000 	C:\Program Files\Java\jdk1.8.0_60\jre\bin\jfxwebkit.dll
0x000007fefc6c0000 - 0x000007fefc6d8000 	C:\Windows\system32\CRYPTSP.dll
0x000007fefc3c0000 - 0x000007fefc407000 	C:\Windows\system32\rsaenh.dll
0x000000006fb00000 - 0x000000006fb1a000 	C:\Program Files\Java\jdk1.8.0_60\jre\bin\net.dll
0x000007fefc660000 - 0x000007fefc6b5000 	C:\Windows\system32\mswsock.dll
0x000007fefc650000 - 0x000007fefc657000 	C:\Windows\System32\wship6.dll
0x000000006fa70000 - 0x000000006fa81000 	C:\Program Files\Java\jdk1.8.0_60\jre\bin\nio.dll
0x000007fefc060000 - 0x000007fefc067000 	C:\Windows\System32\wshtcpip.dll
0x000007fefc4e0000 - 0x000007fefc53b000 	C:\Windows\system32\DNSAPI.dll
0x000007fefb5e0000 - 0x000007fefb607000 	C:\Windows\system32\IPHLPAPI.DLL
0x000007fefb360000 - 0x000007fefb36b000 	C:\Windows\system32\WINNSI.DLL
0x000007fef4620000 - 0x000007fef4628000 	C:\Windows\system32\rasadhlp.dll
0x000007fefb1e0000 - 0x000007fefb233000 	C:\Windows\System32\fwpuclnt.dll
0x000000006fa50000 - 0x000000006fa64000 	C:\Program Files\Java\jdk1.8.0_60\jre\bin\javafx_font.dll
0x000007fef3890000 - 0x000007fef3a27000 	C:\Windows\system32\dwrite.dll
0x000007feff2b0000 - 0x000007feff349000 	C:\Windows\system32\CLBCatQ.DLL
0x000007fefa5c0000 - 0x000007fefa721000 	C:\Windows\system32\WindowsCodecs.dll
0x000007fefccc0000 - 0x000007fefcd17000 	C:\Windows\system32\apphelp.dll
0x000007fef2160000 - 0x000007fef219e000 	C:\Program Files (x86)\Dropbox\Client\DropboxExt64.34.dll
0x000007fef1910000 - 0x000007fef1b4d000 	C:\PROGRA~1\MICROS~2\Office15\GROOVEEX.DLL
0x000000006f710000 - 0x000000006f7a8000 	C:\Windows\system32\MSVCP100.dll
0x000000006f6e0000 - 0x000000006f70b000 	C:\Windows\system32\ATL100.DLL
0x000007fef02f0000 - 0x000007fef060e000 	C:\Windows\system32\msi.dll
0x000007feef3a0000 - 0x000007feefc25000 	C:\PROGRA~1\MICROS~2\Office15\1049\GrooveIntlResource.dll
0x000007fef8ba0000 - 0x000007fef8bcd000 	C:\Program Files\Common Files\Microsoft Shared\Ink\rtscom.dll
0x000000006d460000 - 0x000000006d471000 	C:\Program Files\Java\jdk1.8.0_60\jre\bin\prism_common.dll
0x000000006d430000 - 0x000000006d454000 	C:\Program Files\Java\jdk1.8.0_60\jre\bin\sunec.dll
0x000007fefd200000 - 0x000007fefd21e000 	C:\Windows\system32\USERENV.dll
0x000007fefb240000 - 0x000007fefb251000 	C:\Windows\system32\dhcpcsvc6.DLL
0x000007fefaa70000 - 0x000007fefaa88000 	C:\Windows\system32\dhcpcsvc.DLL
0x000007fefb750000 - 0x000007fefb765000 	C:\Windows\system32\NLAapi.dll
0x000007fef2b90000 - 0x000007fef2ba5000 	C:\Windows\system32\napinsp.dll
0x000007fef28a0000 - 0x000007fef28b9000 	C:\Windows\system32\pnrpnsp.dll
0x000007fef2880000 - 0x000007fef288b000 	C:\Windows\System32\winrnr.dll

VM Arguments:
jvm_args: -Dfile.encoding=Cp1251 
java_command: application.MapApp
java_class_path (initial): D:\Обучение\coursera\java_oop\UCSDGraphs\bin;D:\Обучение\coursera\java_oop\UCSDGraphs\libs\javax.json-1.0.4.jar;D:\Обучение\eclipse\plugins\org.junit_4.12.0.v201504281640\junit.jar;D:\Обучение\eclipse\plugins\org.hamcrest.core_1.3.0.v201303031735.jar
Launcher Type: SUN_STANDARD

Environment Variables:
PATH=C:/Program Files/Java/jre1.8.0_71/bin/server;C:/Program Files/Java/jre1.8.0_71/bin;C:/Program Files/Java/jre1.8.0_71/lib/amd64;C:\ProgramData\Oracle\Java\javapath;C:\Program Files (x86)\Common Files\Intel\Shared Files\cpp\bin\Intel64;C:\Program Files (x86)\Intel\iCLS Client\;C:\Program Files\Intel\iCLS Client\;C:\Windows\system32;C:\Windows;C:\Windows\System32\Wbem;C:\Windows\System32\WindowsPowerShell\v1.0\;C:\Program Files\Intel\Intel(R) Management Engine Components\DAL;C:\Program Files\Intel\Intel(R) Management Engine Components\IPT;C:\Program Files (x86)\Intel\Intel(R) Management Engine Components\DAL;C:\Program Files (x86)\Intel\Intel(R) Management Engine Components\IPT;C:\Program Files (x86)\Common Files\Acronis\SnapAPI\;C:\Program Files (x86)\ATI Technologies\ATI.ACE\Core-Static;C:\Program Files\Java\jdk1.8.0_60\bin;C:\Users\Алла\.dnx\bin;C:\Program Files\Microsoft DNX\Dnvm\;C:\Program Files (x86)\Skype\Phone\;C:\Program Files (x86)\NVIDIA Corporation\PhysX\Common;D:\Обучение\eclipse;
USERNAME=Алла
OS=Windows_NT
PROCESSOR_IDENTIFIER=Intel64 Family 6 Model 42 Stepping 7, GenuineIntel



---------------  S Y S T E M  ---------------

OS: Windows 7 , 64 bit Build 7601 (6.1.7601.23418)

CPU:total 4 (2 cores per cpu, 2 threads per core) family 6 model 42 stepping 7, cmov, cx8, fxsr, mmx, sse, sse2, sse3, ssse3, sse4.1, sse4.2, popcnt, avx, clmul, ht, tsc, tscinvbit

Memory: 4k page, physical 8371264k(3007020k free), swap 8369404k(4892k free)

vm_info: Java HotSpot(TM) 64-Bit Server VM (25.60-b23) for windows-amd64 JRE (1.8.0_60-b27), built on Aug  4 2015 11:06:27 by "java_re" with MS VC++ 10.0 (VS2010)

time: Mon Sep 26 00:21:14 2016
elapsed time: 178 seconds (0d 0h 2m 58s)

